<?xml version="1.0" encoding="UTF-8"?>
<!-- Generated by org.testng.reporters.JUnitXMLReporter -->
<testsuite ignored="0" hostname="CBEN-12910Z7-LX" failures="0" tests="17" name="Default test" time="74.879" errors="0" timestamp="2023-01-24T20:04:39 CST">
  <testcase classname="Test.SurveyToolTest" name="verifyHomePageObjects" time="44.324"/>
  <testcase classname="Test.SurveyToolTest" name="verifyDataPrivacyGuidanceLink" time="0.019"/>
  <testcase classname="Test.SurveyToolTest" name="verifyRegisterYourSurveyLink" time="0.021"/>
  <testcase classname="Test.SurveyToolTest" name="verifyCreateSurveysObjects" time="7.745"/>
  <testcase classname="Test.SurveyToolTest" name="verifyCreateSurveyTextElementsObjects" time="0.723"/>
  <testcase classname="Test.SurveyToolTest" name="verifyCreateSurveyGeneralSettingsObjects" time="0.587"/>
  <testcase classname="Test.SurveyToolTest" name="verifyCreateSurveyPresentationObjects" time="0.876"/>
  <testcase classname="Test.SurveyToolTest" name="verifyCreateSurveyPublicationObjects" time="0.499"/>
  <testcase classname="Test.SurveyToolTest" name="verifyCreateSurveyNotifObjects" time="0.647"/>
  <testcase classname="Test.SurveyToolTest" name="verifyCreateSurveyParticipantObjects" time="0.607"/>
  <testcase classname="Test.SurveyToolTest" name="verifyImportSurveyObjects" time="0.41"/>
  <testcase classname="Test.SurveyToolTest" name="verifyCopySurveyObjects" time="0.726"/>
  <testcase classname="Test.SurveyToolTest" name="verifyManageSurveysObjects" time="6.676"/>
  <testcase classname="Test.SurveyToolTest" name="verifySurveyListObjects" time="0.551"/>
  <testcase classname="Test.SurveyToolTest" name="verifySurveyGroupObjects" time="0.316"/>
  <testcase classname="Test.SurveyToolTest" name="verifyManageThemesObjects" time="6.495"/>
  <testcase classname="Test.SurveyToolTest" name="verifyGetHelpRedirection" time="3.202"/>
</testsuite> <!-- Default test -->
