<?xml version="1.0" encoding="UTF-8"?>
<!-- Generated by org.testng.reporters.JUnitReportReporter -->
<testsuite hostname="CBEN-12910Z7-LX" failures="0" tests="17" name="Test.SurveyToolTest" time="74.434" errors="0" timestamp="2023-01-24T20:04:40 CST" skipped="0">
  <testcase classname="Test.SurveyToolTest" name="verifyHomePageObjects" time="44.324"/>
  <system-out/>
  <testcase classname="Test.SurveyToolTest" name="verifyDataPrivacyGuidanceLink" time="0.019"/>
  <system-out/>
  <testcase classname="Test.SurveyToolTest" name="verifyRegisterYourSurveyLink" time="0.022"/>
  <system-out/>
  <testcase classname="Test.SurveyToolTest" name="verifyCreateSurveysObjects" time="7.745"/>
  <system-out/>
  <testcase classname="Test.SurveyToolTest" name="verifyCreateSurveyTextElementsObjects" time="0.724"/>
  <system-out/>
  <testcase classname="Test.SurveyToolTest" name="verifyCreateSurveyGeneralSettingsObjects" time="0.587"/>
  <system-out/>
  <testcase classname="Test.SurveyToolTest" name="verifyCreateSurveyPresentationObjects" time="0.876"/>
  <system-out/>
  <testcase classname="Test.SurveyToolTest" name="verifyCreateSurveyPublicationObjects" time="0.499"/>
  <system-out/>
  <testcase classname="Test.SurveyToolTest" name="verifyCreateSurveyNotifObjects" time="0.650"/>
  <system-out/>
  <testcase classname="Test.SurveyToolTest" name="verifyCreateSurveyParticipantObjects" time="0.608"/>
  <system-out/>
  <testcase classname="Test.SurveyToolTest" name="verifyImportSurveyObjects" time="0.411"/>
  <system-out/>
  <testcase classname="Test.SurveyToolTest" name="verifyCopySurveyObjects" time="0.726"/>
  <system-out/>
  <testcase classname="Test.SurveyToolTest" name="verifyManageSurveysObjects" time="6.676"/>
  <system-out/>
  <testcase classname="Test.SurveyToolTest" name="verifySurveyListObjects" time="0.552"/>
  <system-out/>
  <testcase classname="Test.SurveyToolTest" name="verifySurveyGroupObjects" time="0.316"/>
  <system-out/>
  <testcase classname="Test.SurveyToolTest" name="verifyManageThemesObjects" time="6.496"/>
  <system-out/>
  <testcase classname="Test.SurveyToolTest" name="verifyGetHelpRedirection" time="3.203"/>
  <system-out/>
</testsuite> <!-- Test.SurveyToolTest -->
